[0;32m-------------=STDVECTOR=-------------
[m[0;33m::::::::::::CONSTRUCTORS::::::::::::
[m[0;36mfirst 
[m[0;35m::::::::::::::::::::::::::::::::::::
[m
size = 0
cap = 0
[0;35m::::::::::::::::::::::::::::::::::::
[m[0;36msecond(4, 100)
[m[0;35m::::::::::::::::::::::::::::::::::::
[m100 100 100 100 
size = 4
cap = 4
[0;35m::::::::::::::::::::::::::::::::::::
[m[0;36mthird(second.begin(), second.end())
[m[0;35m::::::::::::::::::::::::::::::::::::
[m100 100 100 100 
size = 4
cap = 4
[0;35m::::::::::::::::::::::::::::::::::::
[m[0;36mfourth(third)
[m[0;35m::::::::::::::::::::::::::::::::::::
[m100 100 100 100 
size = 4
cap = 4
[0;35m::::::::::::::::::::::::::::::::::::
[m[0;33m:::::::::::::OPERATOR=::::::::::::::
[m[0;36mfoo(3, 0) 
[m[0;35m::::::::::::::::::::::::::::::::::::
[m0 0 0 
size = 3
cap = 3
[0;35m::::::::::::::::::::::::::::::::::::
[m[0;36mbar(5, 0)
[m[0;35m::::::::::::::::::::::::::::::::::::
[m0 0 0 0 0 
size = 5
cap = 5
[0;35m::::::::::::::::::::::::::::::::::::
[m[0;36mbar = foo
[m[0;36mprint bar
[m[0;35m::::::::::::::::::::::::::::::::::::
[m0 0 0 
size = 3
cap = 5
[0;35m::::::::::::::::::::::::::::::::::::
[m[0;33m:::::::::::FORWARD_ITERS::::::::::::
[m[0;36mmyvector 
[m[0;36mmyvector.push_back(1..5) 
[m[0;36miterator it = begin() 
[m[0;36m*it = [m1
myvector contains: 1 2 3 4 5
[0;33m:::::::::::REVERSED_ITERS:::::::::::
[m[0;36mmyvector(5) 
[m[0;36mrit = myvector.rbegin() 
[m[0;36mfor (; rit != myvector.rend(); ++rit) *rit = ++i 
[mmyvector contains: 5 4 3 2 1
[0;33m:::::::::::::::SIZE:::::::::::::::::
[m[0;36mmyints
[msize: 0
[0;36mmyints.pushback [0..9]
[msize: 10
[0;36mmyints.insert(myints.end(), 10, 100)
[msize: 20
[0;36mmyints.pop_back()
[msize: 19
[0;33m:::::::::::::MAX_SIZE:::::::::::::::
[m[0;36mmyvector.pushback [0..99]
[msize: 100
capacity: 128
max_size: 4611686018427387903
[0;33m::::::::::::::RESIZE::::::::::::::::
[m[0;36mmyints.pushback [0..9]
[m[0;35m::::::::::::::::::::::::::::::::::::
[m1 2 3 4 5 6 7 8 9 
size = 9
cap = 16
[0;35m::::::::::::::::::::::::::::::::::::
[m[0;36mmyints.resize(5)
[m[0;35m::::::::::::::::::::::::::::::::::::
[m1 2 3 4 5 
size = 5
cap = 16
[0;35m::::::::::::::::::::::::::::::::::::
[m[0;36mmyints.resize(8, 100)
[m[0;35m::::::::::::::::::::::::::::::::::::
[m1 2 3 4 5 100 100 100 
size = 8
cap = 16
[0;35m::::::::::::::::::::::::::::::::::::
[m[0;36mmyints.resize(12)
[m[0;35m::::::::::::::::::::::::::::::::::::
[m1 2 3 4 5 100 100 100 0 0 0 0 
size = 12
cap = 16
[0;35m::::::::::::::::::::::::::::::::::::
[m[0;33m:::::::::::::::CAPACITY:::::::::::::
[m[0;36mmyvector(0, 0)
[msize: 0
capacity: 0
[0;36mmyvector.pushback [0..99]
[msize: 100
capacity: 128
max_size: 4611686018427387903
[0;33m::::::::::::::::EMPTY:::::::::::::::
[m[0;36mmyvector(0, 0)
[m[0;36mmyvector.empty(): [m1
[m[0;36mmyvector.pushback [0..99]
[m[0;36mmyvector.empty(): [m0
[m[0;33m:::::::::::::::RESERVE::::::::::::::
[m[0;36mfoo(0, 0)
[m[0;36mfoo.pushback [0..99]
[mcapacity changed: 1
capacity changed: 2
capacity changed: 4
capacity changed: 8
capacity changed: 16
capacity changed: 32
capacity changed: 64
capacity changed: 128
[0;36mbar(0, 0)
[m[0;36mbar.reserve(100)
[mcapacity changed: 100
[0;33m:::::::::::::OPERATOR_[]::::::::::::
[m[0;36mfoo(0, 0)
[m[0;36mfoo.pushback [0..99]
[m[0;35m::::::::::::::::::::::::::::::::::::
[m0 1 2 3 4 5 6 7 8 9 10 11 12 13 14 15 16 17 18 19 20 21 22 23 24 25 26 27 28 29 30 31 32 33 34 35 36 37 38 39 40 41 42 43 44 45 46 47 48 49 50 51 52 53 54 55 56 57 58 59 60 61 62 63 64 65 66 67 68 69 70 71 72 73 74 75 76 77 78 79 80 81 82 83 84 85 86 87 88 89 90 91 92 93 94 95 96 97 98 99 
size = 100
cap = 128
[0;35m::::::::::::::::::::::::::::::::::::
[m[0;36mfoo[0]:[m0
[0;36mfoo[99]:[m99
[0;36mconst bar(5, 5)
[m[0;36mbar[0]:[m5
[0;36mbar[4]:[m5
[0;33m:::::::::::::OPERATOR_AT::::::::::::
[m[0;36mfoo(0, 0)
[m[0;36mfoo.pushback [0..99]
[m[0;35m::::::::::::::::::::::::::::::::::::
[m0 1 2 3 4 5 6 7 8 9 10 11 12 13 14 15 16 17 18 19 20 21 22 23 24 25 26 27 28 29 30 31 32 33 34 35 36 37 38 39 40 41 42 43 44 45 46 47 48 49 50 51 52 53 54 55 56 57 58 59 60 61 62 63 64 65 66 67 68 69 70 71 72 73 74 75 76 77 78 79 80 81 82 83 84 85 86 87 88 89 90 91 92 93 94 95 96 97 98 99 
size = 100
cap = 128
[0;35m::::::::::::::::::::::::::::::::::::
[m[0;36mfoo.at(0):[m0
[0;36mfoo.at(99):[m99
[0;36mconst bar(5, 5)
[m[0;36mbar.at(0):[m5
[0;36mbar.at(5):[m[0;33m::::::::::::::::FRONT:::::::::::::::
[m[0;36mfoo(0, 0)
[m[0;36mfoo.pushback [0..99]
[m[0;36mfoo.front(): [m0
[0;36mconst bar(5, 5)
[m[0;36mbar.front(): [m5
[0;33m::::::::::::::::BACK::::::::::::::::
[m[0;36mfoo(0, 0)
[m[0;36mfoo.pushback [0..99]
[m[0;36mfoo.front(): [m99
[0;36mconst bar(5, 5)
[m[0;36mbar.front(): [m5
[0;33m:::::::::::::::ASSIGN:::::::::::::::
[m[0;36mfirst(0, 0)
[m[0;36msecond(0, 0)
[m[0;36mthird(0, 0)
[m[0;36mfirst.assign(7, 100)
[m[0;35m::::::::::::::::::::::::::::::::::::
[m100 100 100 100 100 100 100 
size = 7
cap = 7
[0;35m::::::::::::::::::::::::::::::::::::
[m[0;36msecond.assign(first.begin() + 1, first.end() - 1)
[m[0;35m::::::::::::::::::::::::::::::::::::
[m100 100 100 100 100 
size = 5
cap = 5
[0;35m::::::::::::::::::::::::::::::::::::
[m[0;36mmyints = {1776, 7, 4}
[m[0;36mthird.assign(myints, myints + 3)
[m[0;35m::::::::::::::::::::::::::::::::::::
[m1776 7 4 
size = 3
cap = 3
[0;35m::::::::::::::::::::::::::::::::::::
[m[0;33m:::::::::::::PUSH_BACK::::::::::::::
[m[0;36mmyvector 
[m[0;36mmyvector.pushback(0)
[m0 
[0;36mmyvector.pushback(1)
[m0 1 
[0;36mmyvector.pushback(2)
[m0 1 2 
[0;36mmyvector.pushback(3)
[m0 1 2 3 
[0;35m::::::::::::::::::::::::::::::::::::
[m0 1 2 3 
size = 4
cap = 4
[0;35m::::::::::::::::::::::::::::::::::::
[m[0;33m:::::::::::::POP_BACK:::::::::::::::
[m[0;36mmyvector 
[m[0;35m::::::::::::::::::::::::::::::::::::
[m0 1 2 3 
size = 4
cap = 4
[0;35m::::::::::::::::::::::::::::::::::::
[m[0;36mmyvector.popback()
[m0 1 2 
[0;36mmyvector.popback()
[m0 1 
[0;36mmyvector.popback()
[m0 
[0;36mmyvector.popback()
[m
[0;35m::::::::::::::::::::::::::::::::::::
[m
size = 0
cap = 4
[0;35m::::::::::::::::::::::::::::::::::::
[m[0;33m::::::::::::::INSERT::::::::::::::::
[m[0;36mmyvector(3, 100)
[m[0;36minsert(myvector.begin(), 200):
[m[0;35m::::::::::::::::::::::::::::::::::::
[m200 100 100 100 
size = 4
cap = 6
[0;35m::::::::::::::::::::::::::::::::::::
[m[0;36minsert(myvector.begin(), 2, 300):
[m[0;35m::::::::::::::::::::::::::::::::::::
[m300 300 200 100 100 100 
size = 6
cap = 6
[0;35m::::::::::::::::::::::::::::::::::::
[m[0;36manothervector(2, 400)
[m[0;36minsert(myvector.begin() + 2, anothervector.begin(), anothervector.end()):
[m[0;35m::::::::::::::::::::::::::::::::::::
[m300 300 400 400 200 100 100 100 
size = 8
cap = 12
[0;35m::::::::::::::::::::::::::::::::::::
[m[0;36mint myarray = {501, 502, 503}
[m[0;36minsert(myvector.begin(), myarray, myarray + 3):
[m[0;35m::::::::::::::::::::::::::::::::::::
[m501 502 503 300 300 400 400 200 100 100 100 
size = 11
cap = 12
[0;35m::::::::::::::::::::::::::::::::::::
[m[0;33m:::::::::::::::ERASE::::::::::::::::
[m[0;36mmyvector 
[m[0;35m::::::::::::::::::::::::::::::::::::
[m1 2 3 4 5 6 7 8 9 10 
size = 10
cap = 16
[0;35m::::::::::::::::::::::::::::::::::::
[m[0;36mmyvector.erase (myvector.begin()+5) 
[m[0;35m::::::::::::::::::::::::::::::::::::
[m1 2 3 4 5 7 8 9 10 
size = 9
cap = 16
[0;35m::::::::::::::::::::::::::::::::::::
[m[0;36mmyvector.erase (myvector.begin(),myvector.begin()+3) 
[m[0;35m::::::::::::::::::::::::::::::::::::
[m4 5 7 8 9 10 
size = 6
cap = 16
[0;35m::::::::::::::::::::::::::::::::::::
[m[0;33m::::::::::::::::SWAP::::::::::::::::
[m[0;36mfoo 
[m[0;35m::::::::::::::::::::::::::::::::::::
[m1 2 3 4 5 6 7 8 9 10 
size = 10
cap = 16
[0;35m::::::::::::::::::::::::::::::::::::
[m[0;36mbar 
[m[0;35m::::::::::::::::::::::::::::::::::::
[m10 9 8 7 6 5 4 3 2 1 
size = 10
cap = 16
[0;35m::::::::::::::::::::::::::::::::::::
[m[0;36mfoo.swap(bar)
[m[0;36mfoo 
[m[0;35m::::::::::::::::::::::::::::::::::::
[m10 9 8 7 6 5 4 3 2 1 
size = 10
cap = 16
[0;35m::::::::::::::::::::::::::::::::::::
[m[0;36mbar 
[m[0;35m::::::::::::::::::::::::::::::::::::
[m1 2 3 4 5 6 7 8 9 10 
size = 10
cap = 16
[0;35m::::::::::::::::::::::::::::::::::::
[m[0;33m::::::::::::::::CLEAR:::::::::::::::
[m[0;36mfoo 
[m[0;35m::::::::::::::::::::::::::::::::::::
[m1 2 3 4 5 6 7 8 9 10 
size = 10
cap = 16
[0;35m::::::::::::::::::::::::::::::::::::
[m[0;36mfoo.clear()
[m[0;35m::::::::::::::::::::::::::::::::::::
[m
size = 0
cap = 16
[0;35m::::::::::::::::::::::::::::::::::::
[m[0;33m:::::RELATIONAL_NON_MEMBER_FUNC:::::
[m[0;36mfoo
[m[0;35m::::::::::::::::::::::::::::::::::::
[m666 666 666 
size = 3
cap = 3
[0;35m::::::::::::::::::::::::::::::::::::
[m[0;36mbar
[m[0;35m::::::::::::::::::::::::::::::::::::
[m1337 1337 
size = 2
cap = 2
[0;35m::::::::::::::::::::::::::::::::::::
[m[0;36mfoo == bar 
[m[0;36mfoo != bar 
[mfoo and bar are not equal
[0;36mfoo < bar 
[mfoo is less than bar
[0;36mfoo > bar 
[m[0;36mfoo <= bar 
[mfoo is less than or equal to bar
[0;36mfoo >= bar 
[m[0;33m:::::::::SWAP_NON_MEMBER_FUNC:::::::
[m[0;36mfoo
[m[0;35m::::::::::::::::::::::::::::::::::::
[m666 666 666 
size = 3
cap = 3
[0;35m::::::::::::::::::::::::::::::::::::
[m[0;36mbar
[m[0;35m::::::::::::::::::::::::::::::::::::
[m1337 1337 
size = 2
cap = 2
[0;35m::::::::::::::::::::::::::::::::::::
[m[0;36mswap(foo, bar) 
[m[0;36mfoo
[m[0;35m::::::::::::::::::::::::::::::::::::
[m1337 1337 
size = 2
cap = 2
[0;35m::::::::::::::::::::::::::::::::::::
[m[0;36mbar
[m[0;35m::::::::::::::::::::::::::::::::::::
[m666 666 666 
size = 3
cap = 3
[0;35m::::::::::::::::::::::::::::::::::::
[m